<?xml version="1.0" encoding="UTF-8"?>
<testsuite xmlns:xsi="http://www.w3.org/2001/XMLSchema-instance" xsi:noNamespaceSchemaLocation="https://maven.apache.org/surefire/maven-surefire-plugin/xsd/surefire-test-report.xsd" version="3.0.2" name="com.example.mediagenerator.service.MediaRequestServiceTest" time="0.56" tests="10" errors="0" skipped="0" failures="0">
  <properties>
[...]
</properties>
  <testcase name="setRequestStatusToGo_whenRequestNotInNotYetStatus_shouldReturnEmpty" classname="com.example.mediagenerator.service.MediaRequestServiceTest" time="0.454">
    <system-out><![CDATA[2025-07-09T17:44:16.831Z  INFO 11592 --- [media-generator] [           main] c.e.m.service.MediaRequestService        : Setting request status to GO for id: 1
2025-07-09T17:44:16.835Z  WARN 11592 --- [media-generator] [           main] c.e.m.service.MediaRequestService        : Request 1 is not in NOT_YET state, cannot set to GO. Current state: RUNNING
]]></system-out>
  </testcase>
  <testcase name="formatRequestToPrompt_whenRequestNotFound_shouldReturnEmpty" classname="com.example.mediagenerator.service.MediaRequestServiceTest" time="0.008">
    <system-out><![CDATA[2025-07-09T17:44:16.862Z  INFO 11592 --- [media-generator] [           main] c.e.m.service.MediaRequestService        : Attempting to format prompt for request ID: 1
2025-07-09T17:44:16.863Z  WARN 11592 --- [media-generator] [           main] c.e.m.service.MediaRequestService        : Request ID 1 not found for prompt formatting.
]]></system-out>
  </testcase>
  <testcase name="formatRequestToPrompt_whenGeminiServiceThrowsException_shouldSetStatusToFail" classname="com.example.mediagenerator.service.MediaRequestServiceTest" time="0.026">
    <system-out><![CDATA[2025-07-09T17:44:16.877Z  INFO 11592 --- [media-generator] [           main] c.e.m.service.MediaRequestService        : Attempting to format prompt for request ID: 1
2025-07-09T17:44:16.877Z  INFO 11592 --- [media-generator] [           main] c.e.m.service.MediaRequestService        : Request ID 1 status set to FORMATTING_PROMPT.
2025-07-09T17:44:16.882Z ERROR 11592 --- [media-generator] [           main] c.e.m.service.MediaRequestService        : Error during prompt formatting call to Gemini service for request ID: 1

java.lang.RuntimeException: Simulated network error
	at com.example.mediagenerator.service.MediaRequestServiceTest.formatRequestToPrompt_whenGeminiServiceThrowsException_shouldSetStatusToFail(MediaRequestServiceTest.java:213) ~[test-classes/:na]
	at java.base/jdk.internal.reflect.DirectMethodHandleAccessor.invoke(DirectMethodHandleAccessor.java:103) ~[na:na]
	at java.base/java.lang.reflect.Method.invoke(Method.java:580) ~[na:na]
	at org.junit.platform.commons.util.ReflectionUtils.invokeMethod(ReflectionUtils.java:775) ~[junit-platform-commons-1.12.2.jar:1.12.2]
	at org.junit.platform.commons.support.ReflectionSupport.invokeMethod(ReflectionSupport.java:479) ~[junit-platform-commons-1.12.2.jar:1.12.2]
	at org.junit.jupiter.engine.execution.MethodInvocation.proceed(MethodInvocation.java:60) ~[junit-jupiter-engine-5.12.2.jar:5.12.2]
	at org.junit.jupiter.engine.execution.InvocationInterceptorChain$ValidatingInvocation.proceed(InvocationInterceptorChain.java:131) ~[junit-jupiter-engine-5.12.2.jar:5.12.2]
	at org.junit.jupiter.engine.extension.TimeoutExtension.intercept(TimeoutExtension.java:161) ~[junit-jupiter-engine-5.12.2.jar:5.12.2]
	at org.junit.jupiter.engine.extension.TimeoutExtension.interceptTestableMethod(TimeoutExtension.java:152) ~[junit-jupiter-engine-5.12.2.jar:5.12.2]
	at org.junit.jupiter.engine.extension.TimeoutExtension.interceptTestMethod(TimeoutExtension.java:91) ~[junit-jupiter-engine-5.12.2.jar:5.12.2]
	at org.junit.jupiter.engine.execution.InterceptingExecutableInvoker$ReflectiveInterceptorCall.lambda$ofVoidMethod$0(InterceptingExecutableInvoker.java:112) ~[junit-jupiter-engine-5.12.2.jar:5.12.2]
	at org.junit.jupiter.engine.execution.InterceptingExecutableInvoker.lambda$invoke$0(InterceptingExecutableInvoker.java:94) ~[junit-jupiter-engine-5.12.2.jar:5.12.2]
	at org.junit.jupiter.engine.execution.InvocationInterceptorChain$InterceptedInvocation.proceed(InvocationInterceptorChain.java:106) ~[junit-jupiter-engine-5.12.2.jar:5.12.2]
	at org.junit.jupiter.engine.execution.InvocationInterceptorChain.proceed(InvocationInterceptorChain.java:64) ~[junit-jupiter-engine-5.12.2.jar:5.12.2]
	at org.junit.jupiter.engine.execution.InvocationInterceptorChain.chainAndInvoke(InvocationInterceptorChain.java:45) ~[junit-jupiter-engine-5.12.2.jar:5.12.2]
	at org.junit.jupiter.engine.execution.InvocationInterceptorChain.invoke(InvocationInterceptorChain.java:37) ~[junit-jupiter-engine-5.12.2.jar:5.12.2]
	at org.junit.jupiter.engine.execution.InterceptingExecutableInvoker.invoke(InterceptingExecutableInvoker.java:93) ~[junit-jupiter-engine-5.12.2.jar:5.12.2]
	at org.junit.jupiter.engine.execution.InterceptingExecutableInvoker.invoke(InterceptingExecutableInvoker.java:87) ~[junit-jupiter-engine-5.12.2.jar:5.12.2]
	at org.junit.jupiter.engine.descriptor.TestMethodTestDescriptor.lambda$invokeTestMethod$7(TestMethodTestDescriptor.java:216) ~[junit-jupiter-engine-5.12.2.jar:5.12.2]
	at org.junit.platform.engine.support.hierarchical.ThrowableCollector.execute(ThrowableCollector.java:73) ~[junit-platform-engine-1.12.2.jar:1.12.2]
	at org.junit.jupiter.engine.descriptor.TestMethodTestDescriptor.invokeTestMethod(TestMethodTestDescriptor.java:212) ~[junit-jupiter-engine-5.12.2.jar:5.12.2]
	at org.junit.jupiter.engine.descriptor.TestMethodTestDescriptor.execute(TestMethodTestDescriptor.java:137) ~[junit-jupiter-engine-5.12.2.jar:5.12.2]
	at org.junit.jupiter.engine.descriptor.TestMethodTestDescriptor.execute(TestMethodTestDescriptor.java:69) ~[junit-jupiter-engine-5.12.2.jar:5.12.2]
	at org.junit.platform.engine.support.hierarchical.NodeTestTask.lambda$executeRecursively$6(NodeTestTask.java:156) ~[junit-platform-engine-1.12.2.jar:1.12.2]
	at org.junit.platform.engine.support.hierarchical.ThrowableCollector.execute(ThrowableCollector.java:73) ~[junit-platform-engine-1.12.2.jar:1.12.2]
	at org.junit.platform.engine.support.hierarchical.NodeTestTask.lambda$executeRecursively$8(NodeTestTask.java:146) ~[junit-platform-engine-1.12.2.jar:1.12.2]
	at org.junit.platform.engine.support.hierarchical.Node.around(Node.java:137) ~[junit-platform-engine-1.12.2.jar:1.12.2]
	at org.junit.platform.engine.support.hierarchical.NodeTestTask.lambda$executeRecursively$9(NodeTestTask.java:144) ~[junit-platform-engine-1.12.2.jar:1.12.2]
	at org.junit.platform.engine.support.hierarchical.ThrowableCollector.execute(ThrowableCollector.java:73) ~[junit-platform-engine-1.12.2.jar:1.12.2]
	at org.junit.platform.engine.support.hierarchical.NodeTestTask.executeRecursively(NodeTestTask.java:143) ~[junit-platform-engine-1.12.2.jar:1.12.2]
	at org.junit.platform.engine.support.hierarchical.NodeTestTask.execute(NodeTestTask.java:100) ~[junit-platform-engine-1.12.2.jar:1.12.2]
	at java.base/java.util.ArrayList.forEach(ArrayList.java:1596) ~[na:na]
	at org.junit.platform.engine.support.hierarchical.SameThreadHierarchicalTestExecutorService.invokeAll(SameThreadHierarchicalTestExecutorService.java:41) ~[junit-platform-engine-1.12.2.jar:1.12.2]
	at org.junit.platform.engine.support.hierarchical.NodeTestTask.lambda$executeRecursively$6(NodeTestTask.java:160) ~[junit-platform-engine-1.12.2.jar:1.12.2]
	at org.junit.platform.engine.support.hierarchical.ThrowableCollector.execute(ThrowableCollector.java:73) ~[junit-platform-engine-1.12.2.jar:1.12.2]
	at org.junit.platform.engine.support.hierarchical.NodeTestTask.lambda$executeRecursively$8(NodeTestTask.java:146) ~[junit-platform-engine-1.12.2.jar:1.12.2]
	at org.junit.platform.engine.support.hierarchical.Node.around(Node.java:137) ~[junit-platform-engine-1.12.2.jar:1.12.2]
	at org.junit.platform.engine.support.hierarchical.NodeTestTask.lambda$executeRecursively$9(NodeTestTask.java:144) ~[junit-platform-engine-1.12.2.jar:1.12.2]
	at org.junit.platform.engine.support.hierarchical.ThrowableCollector.execute(ThrowableCollector.java:73) ~[junit-platform-engine-1.12.2.jar:1.12.2]
	at org.junit.platform.engine.support.hierarchical.NodeTestTask.executeRecursively(NodeTestTask.java:143) ~[junit-platform-engine-1.12.2.jar:1.12.2]
	at org.junit.platform.engine.support.hierarchical.NodeTestTask.execute(NodeTestTask.java:100) ~[junit-platform-engine-1.12.2.jar:1.12.2]
	at java.base/java.util.ArrayList.forEach(ArrayList.java:1596) ~[na:na]
	at org.junit.platform.engine.support.hierarchical.SameThreadHierarchicalTestExecutorService.invokeAll(SameThreadHierarchicalTestExecutorService.java:41) ~[junit-platform-engine-1.12.2.jar:1.12.2]
	at org.junit.platform.engine.support.hierarchical.NodeTestTask.lambda$executeRecursively$6(NodeTestTask.java:160) ~[junit-platform-engine-1.12.2.jar:1.12.2]
	at org.junit.platform.engine.support.hierarchical.ThrowableCollector.execute(ThrowableCollector.java:73) ~[junit-platform-engine-1.12.2.jar:1.12.2]
	at org.junit.platform.engine.support.hierarchical.NodeTestTask.lambda$executeRecursively$8(NodeTestTask.java:146) ~[junit-platform-engine-1.12.2.jar:1.12.2]
	at org.junit.platform.engine.support.hierarchical.Node.around(Node.java:137) ~[junit-platform-engine-1.12.2.jar:1.12.2]
	at org.junit.platform.engine.support.hierarchical.NodeTestTask.lambda$executeRecursively$9(NodeTestTask.java:144) ~[junit-platform-engine-1.12.2.jar:1.12.2]
	at org.junit.platform.engine.support.hierarchical.ThrowableCollector.execute(ThrowableCollector.java:73) ~[junit-platform-engine-1.12.2.jar:1.12.2]
	at org.junit.platform.engine.support.hierarchical.NodeTestTask.executeRecursively(NodeTestTask.java:143) ~[junit-platform-engine-1.12.2.jar:1.12.2]
	at org.junit.platform.engine.support.hierarchical.NodeTestTask.execute(NodeTestTask.java:100) ~[junit-platform-engine-1.12.2.jar:1.12.2]
	at org.junit.platform.engine.support.hierarchical.SameThreadHierarchicalTestExecutorService.submit(SameThreadHierarchicalTestExecutorService.java:35) ~[junit-platform-engine-1.12.2.jar:1.12.2]
	at org.junit.platform.engine.support.hierarchical.HierarchicalTestExecutor.execute(HierarchicalTestExecutor.java:57) ~[junit-platform-engine-1.12.2.jar:1.12.2]
	at org.junit.platform.engine.support.hierarchical.HierarchicalTestEngine.execute(HierarchicalTestEngine.java:54) ~[junit-platform-engine-1.12.2.jar:1.12.2]
	at org.junit.platform.launcher.core.EngineExecutionOrchestrator.execute(EngineExecutionOrchestrator.java:201) ~[junit-platform-launcher-1.12.2.jar:1.12.2]
	at org.junit.platform.launcher.core.EngineExecutionOrchestrator.execute(EngineExecutionOrchestrator.java:170) ~[junit-platform-launcher-1.12.2.jar:1.12.2]
	at org.junit.platform.launcher.core.EngineExecutionOrchestrator.execute(EngineExecutionOrchestrator.java:94) ~[junit-platform-launcher-1.12.2.jar:1.12.2]
	at org.junit.platform.launcher.core.EngineExecutionOrchestrator.lambda$execute$0(EngineExecutionOrchestrator.java:59) ~[junit-platform-launcher-1.12.2.jar:1.12.2]
	at org.junit.platform.launcher.core.EngineExecutionOrchestrator.withInterceptedStreams(EngineExecutionOrchestrator.java:142) ~[junit-platform-launcher-1.12.2.jar:1.12.2]
	at org.junit.platform.launcher.core.EngineExecutionOrchestrator.execute(EngineExecutionOrchestrator.java:58) ~[junit-platform-launcher-1.12.2.jar:1.12.2]
	at org.junit.platform.launcher.core.DefaultLauncher.execute(DefaultLauncher.java:103) ~[junit-platform-launcher-1.12.2.jar:1.12.2]
	at org.junit.platform.launcher.core.DefaultLauncher.execute(DefaultLauncher.java:85) ~[junit-platform-launcher-1.12.2.jar:1.12.2]
	at org.junit.platform.launcher.core.DelegatingLauncher.execute(DelegatingLauncher.java:47) ~[junit-platform-launcher-1.12.2.jar:1.12.2]
	at org.junit.platform.launcher.core.InterceptingLauncher.lambda$execute$1(InterceptingLauncher.java:39) ~[junit-platform-launcher-1.12.2.jar:1.12.2]
	at org.junit.platform.launcher.core.ClasspathAlignmentCheckingLauncherInterceptor.intercept(ClasspathAlignmentCheckingLauncherInterceptor.java:25) ~[junit-platform-launcher-1.12.2.jar:1.12.2]
	at org.junit.platform.launcher.core.InterceptingLauncher.execute(InterceptingLauncher.java:38) ~[junit-platform-launcher-1.12.2.jar:1.12.2]
	at org.junit.platform.launcher.core.DelegatingLauncher.execute(DelegatingLauncher.java:47) ~[junit-platform-launcher-1.12.2.jar:1.12.2]
	at org.apache.maven.surefire.junitplatform.LazyLauncher.execute(LazyLauncher.java:56) ~[surefire-junit-platform-3.5.3.jar:3.5.3]
	at org.apache.maven.surefire.junitplatform.JUnitPlatformProvider.execute(JUnitPlatformProvider.java:194) ~[surefire-junit-platform-3.5.3.jar:3.5.3]
	at org.apache.maven.surefire.junitplatform.JUnitPlatformProvider.invokeAllTests(JUnitPlatformProvider.java:150) ~[surefire-junit-platform-3.5.3.jar:3.5.3]
	at org.apache.maven.surefire.junitplatform.JUnitPlatformProvider.invoke(JUnitPlatformProvider.java:124) ~[surefire-junit-platform-3.5.3.jar:3.5.3]
	at org.apache.maven.surefire.booter.ForkedBooter.runSuitesInProcess(ForkedBooter.java:385) ~[surefire-booter-3.5.3.jar:3.5.3]
	at org.apache.maven.surefire.booter.ForkedBooter.execute(ForkedBooter.java:162) ~[surefire-booter-3.5.3.jar:3.5.3]
	at org.apache.maven.surefire.booter.ForkedBooter.run(ForkedBooter.java:507) ~[surefire-booter-3.5.3.jar:3.5.3]
	at org.apache.maven.surefire.booter.ForkedBooter.main(ForkedBooter.java:495) ~[surefire-booter-3.5.3.jar:3.5.3]

]]></system-out>
  </testcase>
  <testcase name="formatRequestToPrompt_whenRequestExistsAndEligible_andGeminiFails_shouldSetStatusToFail" classname="com.example.mediagenerator.service.MediaRequestServiceTest" time="0.009">
    <system-out><![CDATA[2025-07-09T17:44:16.898Z  INFO 11592 --- [media-generator] [           main] c.e.m.service.MediaRequestService        : Attempting to format prompt for request ID: 1
2025-07-09T17:44:16.899Z  INFO 11592 --- [media-generator] [           main] c.e.m.service.MediaRequestService        : Request ID 1 status set to FORMATTING_PROMPT.
2025-07-09T17:44:16.899Z  WARN 11592 --- [media-generator] [           main] c.e.m.service.MediaRequestService        : Prompt formatting failed for request ID: 1. Response from GeminiService: Erreur: Gemini API error.
]]></system-out>
  </testcase>
  <testcase name="setRequestStatusToGo_whenRequestNotFound_shouldReturnEmpty" classname="com.example.mediagenerator.service.MediaRequestServiceTest" time="0.006">
    <system-out><![CDATA[2025-07-09T17:44:16.906Z  INFO 11592 --- [media-generator] [           main] c.e.m.service.MediaRequestService        : Setting request status to GO for id: 1
2025-07-09T17:44:16.907Z  WARN 11592 --- [media-generator] [           main] c.e.m.service.MediaRequestService        : Request with id 1 not found, cannot set to GO.
]]></system-out>
  </testcase>
  <testcase name="formatRequestToPrompt_whenRequestExistsAndEligible_andGeminiSucceeds_shouldSetPromptGenerated" classname="com.example.mediagenerator.service.MediaRequestServiceTest" time="0.007">
    <system-out><![CDATA[2025-07-09T17:44:16.914Z  INFO 11592 --- [media-generator] [           main] c.e.m.service.MediaRequestService        : Attempting to format prompt for request ID: 1
2025-07-09T17:44:16.915Z  INFO 11592 --- [media-generator] [           main] c.e.m.service.MediaRequestService        : Request ID 1 status set to FORMATTING_PROMPT.
2025-07-09T17:44:16.915Z  INFO 11592 --- [media-generator] [           main] c.e.m.service.MediaRequestService        : Prompt formatting successful for request ID: 1. Received prompt starting with: Mocked Gemini prompt content....
]]></system-out>
  </testcase>
  <testcase name="formatRequestToPrompt_whenRequestNotEligibleStatus_shouldReturnEmpty" classname="com.example.mediagenerator.service.MediaRequestServiceTest" time="0.011">
    <system-out><![CDATA[2025-07-09T17:44:16.929Z  INFO 11592 --- [media-generator] [           main] c.e.m.service.MediaRequestService        : Attempting to format prompt for request ID: 1
2025-07-09T17:44:16.930Z  WARN 11592 --- [media-generator] [           main] c.e.m.service.MediaRequestService        : Request ID 1 is in status RUNNING and cannot be formatted into a prompt at this stage.
]]></system-out>
  </testcase>
  <testcase name="setRequestStatusToGo_whenRequestExistsAndStatusIsNutYet_shouldUpdateStatus" classname="com.example.mediagenerator.service.MediaRequestServiceTest" time="0.008">
    <system-out><![CDATA[2025-07-09T17:44:16.938Z  INFO 11592 --- [media-generator] [           main] c.e.m.service.MediaRequestService        : Setting request status to GO for id: 1
]]></system-out>
  </testcase>
  <testcase name="updateRequestStatus_shouldUpdateFieldsAndSave" classname="com.example.mediagenerator.service.MediaRequestServiceTest" time="0.009">
    <system-out><![CDATA[2025-07-09T17:44:16.947Z  INFO 11592 --- [media-generator] [           main] c.e.m.service.MediaRequestService        : Updating status for request id 1: Status=FAIL, Error='Test Error', Path='/path/to/media.mp4', Prompt='Test Prompt...'
]]></system-out>
  </testcase>
  <testcase name="submitNewRequest_shouldSaveAndReturnRequest" classname="com.example.mediagenerator.service.MediaRequestServiceTest" time="0.005">
    <system-out><![CDATA[2025-07-09T17:44:16.953Z  INFO 11592 --- [media-generator] [           main] c.e.m.service.MediaRequestService        : Submitting new media request for scenario: Test Scenario...
]]></system-out>
  </testcase>
</testsuite>